Log file open, 03/21/15 14:18:12
LogInit:Display: Running engine for game: Maze_WardV1
LogInit: Version: 4.7.3-2479750+++depot+UE4-Releases+4.7
LogInit: API Version: 2455222
LogInit: Compiled (64-bit): Mar 15 2015 23:20:45
LogInit: Compiled with Visual C++: 18.00.21005.01
LogInit: Build Configuration: Development
LogInit: Branch Name: ++depot+UE4-Releases+4.7
LogInit: Command line: 
LogInit: Base directory: C:/Program Files/Epic Games/4.7/Engine/Binaries/Win64/
LogInit: Rocket: 1
[2015.03.21-13.18.12:698][  0]LogTaskGraph: Started task graph with 3 named threads and 5 total threads.
[2015.03.21-13.18.12:768][  0]LogOnline:Warning: No default platform service specified for OnlineSubsystem
[2015.03.21-13.18.12:788][  0]LogInit: Presizing for 0 objects not considered by GC, pre-allocating 0 bytes.
[2015.03.21-13.18.12:799][  0]LogInit: Object subsystem initialized
[2015.03.21-13.18.12:801][  0]LogConsoleResponse:Warning: Skipping Unknown console variable: 'TranslucentSortAxis = (X=0.000000,Y=-1.000000,Z=0.000000)'
[2015.03.21-13.18.12:801][  0]LogConsoleResponse:Warning:   Found in ini file 'C:/Users/Ward/Documents/Unreal Projects/MazeGame/MazeGame/Maze_WardV1/Saved/Config/Windows/Engine.ini', in section '[/Script/Engine.RendererSettings]'
[2015.03.21-13.18.12:801][  0]LogConsoleResponse:Warning: Skipping Unknown console variable: 'UIScaleRule = ShortestSide'
[2015.03.21-13.18.12:801][  0]LogConsoleResponse:Warning:   Found in ini file 'C:/Users/Ward/Documents/Unreal Projects/MazeGame/MazeGame/Maze_WardV1/Saved/Config/Windows/Engine.ini', in section '[/Script/Engine.RendererSettings]'
[2015.03.21-13.18.12:801][  0]LogConsoleResponse:Warning: Skipping Unknown console variable: 'UIScaleCurve = (EditorCurveData=(Keys=),ExternalCurve=None)'
[2015.03.21-13.18.12:801][  0]LogConsoleResponse:Warning:   Found in ini file 'C:/Users/Ward/Documents/Unreal Projects/MazeGame/MazeGame/Maze_WardV1/Saved/Config/Windows/Engine.ini', in section '[/Script/Engine.RendererSettings]'
[2015.03.21-13.18.12:802][  0]LogInit: Selected Device Profile: [Windows]
[2015.03.21-13.18.12:802][  0]LogInit: Applying CVar settings loaded from the selected device profile: [Windows]
[2015.03.21-13.18.12:845][  0]LogInit: Computer: PC_WARD
[2015.03.21-13.18.12:845][  0]LogInit: User: Ward
[2015.03.21-13.18.12:845][  0]LogInit: CPU Page size=4096, Cores=3
[2015.03.21-13.18.12:845][  0]LogInit: High frequency timer resolution =14.318180 MHz
[2015.03.21-13.18.12:845][  0]LogMemory: Memory total: Physical=8.0GB (8GB approx) Virtual=131072.0GB
[2015.03.21-13.18.12:846][  0]LogMemory: Platform Memory Stats for Windows
[2015.03.21-13.18.12:846][  0]LogMemory: Process Physical Memory: 45.99 MB used, 45.99 MB peak
[2015.03.21-13.18.12:846][  0]LogMemory: Process Virtual Memory: 26.39 MB used, 26.39 MB peak
[2015.03.21-13.18.12:846][  0]LogMemory: Physical Memory: 4205.29 MB used, 8162.13 MB total
[2015.03.21-13.18.12:846][  0]LogMemory: Virtual Memory: 292.01 MB used, 134217728.00 MB total
[2015.03.21-13.18.12:865][  0]LogD3D11RHI: Found D3D11 adapter 0: AMD Radeon HD 7800 Series (Feature Level 11_0)
[2015.03.21-13.18.12:865][  0]LogD3D11RHI: Adapter has 2030MB of dedicated video memory, 0MB of dedicated system memory, and 3840MB of shared system memory, 2 output[s]
[2015.03.21-13.18.12:867][  0]LogD3D11RHI: Found D3D11 adapter 1: Microsoft Basic Render Driver (Feature Level 11_0)
[2015.03.21-13.18.12:867][  0]LogD3D11RHI: Adapter has 0MB of dedicated video memory, 0MB of dedicated system memory, and 256MB of shared system memory, 0 output[s]
[2015.03.21-13.18.12:867][  0]LogD3D11RHI: Chosen D3D11 Adapter Id = 0
[2015.03.21-13.18.12:873][  0]LogRHI: Texture pool is 1361 MB (70% of 1945 MB)
[2015.03.21-13.18.12:879][  0]LogD3D11RHI: Async texture creation disabled: no driver support
[2015.03.21-13.18.12:948][  0]LogTextLocalizationManager: The requested culture ('nl_BE') has no localization data; falling back to 'en' for localization and internationalization data.
[2015.03.21-13.18.13:045][  0]LogTextLocalizationManager:Warning: Loading localization resources contain conflicting entries for (Namespace:UICommands, Key:Save_ToolTip):
Resource: (C:/Program Files/Epic Games/4.7/Engine/Content/Localization/Editor/en/Editor.locres) Hash: (-29098895) String: (Saves the current level to disk)
Resource: (C:/Program Files/Epic Games/4.7/Engine/Content/Localization/Engine/en/Engine.locres) Hash: (-1280300587) String: (Save selected data to vlog file)
[2015.03.21-13.18.13:045][  0]LogTextLocalizationManager:Warning: Loading localization resources contain conflicting entries for (Namespace:ContentBrowser, Key:ImportAssetToolTip):
Resource: (C:/Program Files/Epic Games/4.7/Engine/Content/Localization/Editor/en/Editor.locres) Hash: (-630476809) String: (Import to {0}...)
Resource: (C:/Program Files/Epic Games/4.7/Engine/Content/Localization/Editor/en/Editor.locres) Hash: (1271782899) String: (Imports an asset from file to this folder.)
[2015.03.21-13.18.13:132][  0]LogContentStreaming: Texture pool size is 0.000000MB
[2015.03.21-13.18.15:718][  0]LogTargetPlatformManager:Display: Building Assets For Windows
[2015.03.21-13.18.16:471][  0]LogTargetPlatformManager:Display: Building Assets For Windows
[2015.03.21-13.18.16:561][  0]LogDerivedDataCache:Display: Max Cache Size: 512 MB
[2015.03.21-13.18.16:626][  0]LogDerivedDataCache: Loaded boot cache 0.06s 39MB C:/Users/Ward/AppData/Local/UnrealEngine/4.7/DerivedDataCache/Boot.ddc.
[2015.03.21-13.18.16:626][  0]LogDerivedDataCache:Display: Loaded Boot cache: C:/Users/Ward/AppData/Local/UnrealEngine/4.7/DerivedDataCache/Boot.ddc
[2015.03.21-13.18.16:626][  0]LogDerivedDataCache: FDerivedDataBackendGraph:  Pak pak cache file ../../../../../../Users/Ward/Documents/Unreal Projects/MazeGame/MazeGame/Maze_WardV1/DerivedDataCache/DDC.ddp not found, will not use a pak cache.
[2015.03.21-13.18.16:626][  0]LogDerivedDataCache: Unable to find inner node Pak for hierarchical cache Hierarchy.
[2015.03.21-13.18.16:736][  0]LogDerivedDataCache:Display: Pak cache opened for reading ../../../Engine/DerivedDataCache/Compressed.ddp.
[2015.03.21-13.18.16:749][  0]LogDerivedDataCache: Using Local data cache path C:/Users/Ward/AppData/Local/UnrealEngine/Common/DerivedDataCache: Writable
[2015.03.21-13.18.17:144][  0]LogMeshUtilities: No automatic mesh reduction module available
[2015.03.21-13.18.17:144][  0]LogMeshUtilities: No automatic mesh merging module available
[2015.03.21-13.18.17:736][  0]LogInit: WinSock: version 1.1 (2.2), MaxSocks=32767, MaxUdp=65467
[2015.03.21-13.18.17:866][  0]LogSlate:Warning: Failed to load font data from '../../../Engine/Content/Slate/Fonts/Roboto-Italic.ttf'
[2015.03.21-13.18.19:020][  0]UdpMessaging: Initializing bridge on interface 0.0.0.0:0 to multicast group 230.0.0.1:6666.
[2015.03.21-13.18.19:349][  0]SourceControl: Info Source control is disabled
[2015.03.21-13.18.19:349][  0]SourceControl: Info Source control is disabled
[2015.03.21-13.18.19:349][  0]SourceControl: Info Source control is disabled
[2015.03.21-13.18.19:349][  0]LogSourceControl: RunCommandInternalRaw: 'git version'
[2015.03.21-13.18.19:349][  0]LogSourceControl: RunCommandInternalRaw: ExecProcess ReturnCode=2 OutResults=''
[2015.03.21-13.18.19:366][  0]SourceControl: Info Source control is disabled
[2015.03.21-13.18.19:681][  0]LogObj: 24231 objects as part of root set at end of initial load.
[2015.03.21-13.18.19:681][  0]LogUObjectAllocator: 5136432 out of 0 bytes used by permanent object pool.
[2015.03.21-13.18.19:789][  0]LogEngine: Initializing Engine...
[2015.03.21-13.18.22:014][  0]LogInit: XAudio2 using 'Luidsprekers (Realtek High Definition Audio)' : 2 channels at 48 kHz using 32 bits per sample (channel mask 0x3)
[2015.03.21-13.18.22:033][  0]LogInit: FAudioDevice initialized.
[2015.03.21-13.18.22:100][  0]LogAIModule: Creating AISystem for world NewWorld
[2015.03.21-13.18.22:138][  0]LogDerivedDataCache: Saved boot cache 0.04s 39MB C:/Users/Ward/AppData/Local/UnrealEngine/4.7/DerivedDataCache/Boot.ddc.
[2015.03.21-13.18.22:149][  0]LogInit: Texture streaming: Enabled
[2015.03.21-13.18.22:291][  0]LogAnalytics: Creating configured Analytics provider AnalyticsET
[2015.03.21-13.18.22:292][  0]LogAnalytics: ET APIKey = Rocket.Release. APIServer = http://et2.epicgames.com/ET2/. AppVersion = 4.7.3-2479750+++depot+UE4-Releases+4.7
[2015.03.21-13.18.22:292][  0]LogAnalytics: ET APIKey = Rocket.Release. DataRouterUploadURL = https://datarouter-public-service-gamedev.ol.epicgames.net/datarouter/api/v1/public/data. AppVersion = 4.7.3-2479750+++depot+UE4-Releases+4.7
[2015.03.21-13.18.22:292][  0]LogAnalytics: SetUserId 5039c762474434673eb1bf8fadd72fb9|971d3e26d6434f51a9a85de75c896a9f|188a8ad2-9046-4886-a2ff-f5f0957c15df
[2015.03.21-13.18.22:292][  0]LogAnalytics: AnalyticsET::StartSession [Rocket.Release]
[2015.03.21-13.18.22:332][  0]LogInit: Transaction tracking system initialized
[2015.03.21-13.18.22:647][  0]BlueprintLog: New page: Editor Load
[2015.03.21-13.18.22:706][  0]LogAssetRegistry: FAssetRegistry took 0.0111 seconds to start up
[2015.03.21-13.18.22:707][  0]LogDirectoryWatcher:Warning: Failed to begin reading directory changes for ../../../Engine/Plugins/Experimental/CharacterAI/Content/. Error: 0
[2015.03.21-13.18.23:621][  0]LogTargetPlatformManager:Display: Building Assets For Windows
[2015.03.21-13.18.24:175][  0]LogTargetPlatformManager:Display: Building Assets For Windows
[2015.03.21-13.18.24:633][  0]LogSlate:Warning: Failed to load font data from '../../../Engine/Content/Editor/Slate/Fonts/Roboto-Regular.ttf'
[2015.03.21-13.18.24:634][  0]LogSlate:Warning: Failed to load font data from '../../../Engine/Content/Editor/Slate/Fonts/Roboto-Bold.ttf'
[2015.03.21-13.18.24:641][  0]LogConsoleResponse:Display: 
[2015.03.21-13.18.25:134][  0]LogCook:Display: Done creating registry. It took  0.00s.
[2015.03.21-13.18.25:391][  0]SourceControl: Info Source control is disabled
[2015.03.21-13.18.25:391][  0]Cmd: MAP LOAD FILE="../../../../../../Users/Ward/Documents/Unreal Projects/MazeGame/MazeGame/Maze_WardV1/Content/StarterContent/Maps/Minimal_Default.umap" TEMPLATE=0 SHOWPROGRESS=1 FEATURELEVEL=3
[2015.03.21-13.18.25:521][  0]LightingResults: New page: Lighting Build
[2015.03.21-13.18.25:545][  0]MapCheck: New page: Map Check
[2015.03.21-13.18.25:545][  0]LightingResults: New page: Lighting Build
[2015.03.21-13.18.25:560][  0]LogParticles: Destroying 0 GPU particle simulations for FXSystem 0x0000009E12124D60
[2015.03.21-13.18.28:068][  0]LogEditorServer: Finished looking for orphan Actors (0.000 secs)
[2015.03.21-13.18.28:069][  0]LogAIModule: Creating AISystem for world Minimal_Default
[2015.03.21-13.18.28:069][  0]Cmd: MAP CHECKDEP
[2015.03.21-13.18.28:069][  0]MapCheck: New page: Minimal_Default - Mar 21, 2015, 3:18:28 PM
[2015.03.21-13.18.28:227][  0]MapCheck: Info Map check complete: 0 Error(s), 0 Warning(s), took 158.061ms to complete.
[2015.03.21-13.18.28:228][  0]LogFileHelpers: Loading map 'Minimal_Default' took 2.837
[2015.03.21-13.18.29:743][  0]LogCollectionManager: Loaded 0 collections in 0.002035 seconds
[2015.03.21-13.18.29:815][  0]LogContentBrowser: Native class hierarchy populated in 0.0723 seconds. Added 1696 classes and 261 folders.
[2015.03.21-13.18.29:917][  0]LogContentBrowser:Verbose: The content browser source was changed by the sources view to '/Game'
[2015.03.21-13.18.29:989][  0]LogContentBrowser: Native class hierarchy updated for 'SceneOutliner' in 0.0030 seconds. Added 1 classes and 2 folders.
[2015.03.21-13.18.30:861][  0]LogCrashTracker: Crashtracker disabled due to settings.
[2015.03.21-13.18.31:058][  0]LogSlate:Warning: Failed to load font data from 'Veranda'
[2015.03.21-13.18.31:123][  0]LogUObjectGlobals:Warning: Failed to find object 'Class None.'
[2015.03.21-13.18.31:223][  0]LogLoad: Full Startup: 21.00 seconds (BP compile: 0.00 seconds)
[2015.03.21-13.18.32:507][  0]LogRenderer:Warning: Reallocating scene render targets to support 32x32 (Frame:2).
[2015.03.21-13.18.32:823][  0]LogRenderer:Warning: Reallocating scene render targets to support 1256x632 (Frame:3).
[2015.03.21-13.18.45:334][691]LogEditorViewport: Clicking Background
[2015.03.21-13.18.49:106][ 83]LogAssetRegistry: Asset discovery search completed in 26.4115 seconds
[2015.03.21-13.19.17:226][ 19]LogFactory: FactoryCreateBinary: StaticMesh with FbxFactory (0 0 ../../../../../../Users/Ward/Documents/ZombieMazeGame models/baseball bat.fbx)
[2015.03.21-13.19.17:562][ 19]LogFbx: ItemName: GlobalSettings, ItemCount : 1
[2015.03.21-13.19.17:563][ 19]LogFbx: ItemName: AnimationStack, ItemCount : 1
[2015.03.21-13.19.17:563][ 19]LogFbx: ItemName: AnimationLayer, ItemCount : 1
[2015.03.21-13.19.17:563][ 19]LogFbx: ItemName: LayeredTexture, ItemCount : 2
[2015.03.21-13.19.17:563][ 19]LogFbx: ItemName: Texture, ItemCount : 2
[2015.03.21-13.19.17:563][ 19]LogFbx: ItemName: Model, ItemCount : 3
[2015.03.21-13.19.17:563][ 19]LogFbx: ItemName: Geometry, ItemCount : 2
[2015.03.21-13.19.17:563][ 19]LogFbx: ItemName: Material, ItemCount : 1
[2015.03.21-13.19.17:563][ 19]LogFbx: ItemName: Video, ItemCount : 2
[2015.03.21-13.19.21:638][ 19]LogFbx: Loading FBX Scene from ../../../../../../Users/Ward/Documents/ZombieMazeGame models/baseball bat.fbx
[2015.03.21-13.19.21:686][ 19]LogFbx: FBX Scene Loaded Succesfully
[2015.03.21-13.19.21:702][ 19]LogLinker:Warning: Can't find file '/Game/bat_texture'
[2015.03.21-13.19.21:714][ 19]LogLinker:Warning: Can't find file '/Game/bat_texture'
[2015.03.21-13.19.21:714][ 19]LogUObjectGlobals:Warning: Failed to find object 'MaterialInterface /Game/bat_texture.bat_texture'
[2015.03.21-13.19.21:737][ 19]LogFbxMaterialImport:Warning: Layered Textures are not supported (material bat texture)
[2015.03.21-13.19.21:849][ 19]LogMaterial: Missing cached shader map for material bat_texture, compiling. 
[2015.03.21-13.19.21:960][ 19]LogFbx:Warning: Triangulating static mesh Lathe
[2015.03.21-13.19.23:284][ 19]LogFbx: == Initial material list:
[2015.03.21-13.19.23:284][ 19]LogFbx: 0: bat texture
[2015.03.21-13.19.23:284][ 19]LogFbx: == After sorting:
[2015.03.21-13.19.23:284][ 19]LogFbx: 0: bat texture
[2015.03.21-13.19.23:284][ 19]LogFbx: == Mapping table:
[2015.03.21-13.19.23:285][ 19]LogFbx:   sort 0 -> 0
[2015.03.21-13.19.23:304][ 19]LogStaticMesh: Building static mesh baseball_bat...
[2015.03.21-13.19.23:504][ 19]LogStaticMesh: Built static mesh [215.404465ms] /Game/baseball_bat.baseball_bat
[2015.03.21-13.19.23:638][ 19]FBXImport:Warning: Warning Warning: No smoothing group information was found in this FBX scene.  Please make sure to enable the 'Export Smoothing Groups' option in the FBX Exporter plug-in before exporting the file.  Even for tools that don't support smoothing groups, the FBX Exporter will generate appropriate smoothing data at export-time so that correct vertex normals can be inferred while importing. 
[2015.03.21-13.19.23:796][ 19]LogContentBrowser:Verbose: The content browser source was changed by the sources view to 'None'
[2015.03.21-13.19.23:796][ 19]LogContentBrowser:Verbose: The content browser source was changed by the sources view to '/Game'
[2015.03.21-13.19.38:531][666]LogRenderer:Warning: Reallocating scene render targets to support 1432x928 (Frame:306).
[2015.03.21-13.20.01:869][ 77]LogTexture:Display: Building textures: T_Metal_Steel_D (AutoDXT)
[2015.03.21-13.20.07:509][ 77]LogTexture:Display: Building textures: T_Metal_Steel_N (BC5)
[2015.03.21-13.20.08:555][ 77]LogMaterial: Missing cached shader map for material M_Metal_Steel, compiling. 
[2015.03.21-13.20.19:324][ 12]Cmd: QUIT_EDITOR
[2015.03.21-13.20.19:681][ 12]LogExit: Preparing to exit.
[2015.03.21-13.20.20:133][ 12]LogExit: Editor shut down
[2015.03.21-13.20.20:134][ 12]LogExit: Transaction tracking system shut down
[2015.03.21-13.20.20:135][ 12]LogParticles: Destroying 0 GPU particle simulations for FXSystem 0x0000009E12926A20
[2015.03.21-13.20.20:135][ 12]LogParticles: Destroying 0 GPU particle simulations for FXSystem 0x0000009E0C2ACFE0
[2015.03.21-13.20.20:135][ 12]LogParticles: Destroying 0 GPU particle simulations for FXSystem 0x0000009E0CA27BA0
[2015.03.21-13.20.20:135][ 12]LogParticles: Destroying 0 GPU particle simulations for FXSystem 0x0000009E1CFDAA20
[2015.03.21-13.20.20:197][ 12]LogParticles: Destroying 0 GPU particle simulations for FXSystem 0x0000009E1DFE5E40
[2015.03.21-13.20.20:197][ 12]LogExit: Object subsystem successfully closed.
[2015.03.21-13.20.20:276][ 12]LogModuleManager: Shutting down and abandoning module StaticMeshEditor (178)
[2015.03.21-13.20.20:276][ 12]LogModuleManager: Shutting down and abandoning module CrashTracker (177)
[2015.03.21-13.20.20:276][ 12]LogModuleManager: Shutting down and abandoning module SuperSearch (176)
[2015.03.21-13.20.20:276][ 12]LogModuleManager: Shutting down and abandoning module SceneOutliner (175)
[2015.03.21-13.20.20:276][ 12]LogModuleManager: Shutting down and abandoning module EditorWidgets (174)
[2015.03.21-13.20.20:276][ 12]LogModuleManager: Shutting down and abandoning module CollectionManager (173)
[2015.03.21-13.20.20:295][ 12]LogModuleManager: Shutting down and abandoning module StatsViewer (172)
[2015.03.21-13.20.20:295][ 12]LogModuleManager: Shutting down and abandoning module FoliageEdit (171)
[2015.03.21-13.20.20:295][ 12]LogModuleManager: Shutting down and abandoning module LandscapeEditor (170)
[2015.03.21-13.20.20:295][ 12]LogModuleManager: Shutting down and abandoning module MeshPaint (169)
[2015.03.21-13.20.20:295][ 12]LogModuleManager: Shutting down and abandoning module ActorPickerMode (168)
[2015.03.21-13.20.20:295][ 12]LogModuleManager: Shutting down and abandoning module GeometryMode (167)
[2015.03.21-13.20.20:295][ 12]LogModuleManager: Shutting down and abandoning module TextureAlignMode (166)
[2015.03.21-13.20.20:295][ 12]LogModuleManager: Shutting down and abandoning module BspMode (165)
[2015.03.21-13.20.20:295][ 12]LogModuleManager: Shutting down and abandoning module PlacementMode (164)
[2015.03.21-13.20.20:295][ 12]LogModuleManager: Shutting down and abandoning module AutomationWorker (163)
[2015.03.21-13.20.20:295][ 12]LogModuleManager: Shutting down and abandoning module CharacterAI (162)
[2015.03.21-13.20.20:295][ 12]LogModuleManager: Shutting down and abandoning module SmartSnapping (161)
[2015.03.21-13.20.20:295][ 12]LogModuleManager: Shutting down and abandoning module ViewportSnapping (160)
[2015.03.21-13.20.20:295][ 12]LogModuleManager: Shutting down and abandoning module LogVisualizer (159)
[2015.03.21-13.20.20:295][ 12]LogModuleManager: Shutting down and abandoning module GameProjectGeneration (158)
[2015.03.21-13.20.20:295][ 12]LogModuleManager: Shutting down and abandoning module IntroTutorials (157)
[2015.03.21-13.20.20:295][ 12]LogModuleManager: Shutting down and abandoning module EditorLiveStreaming (156)
[2015.03.21-13.20.20:295][ 12]LogModuleManager: Shutting down and abandoning module HardwareTargeting (155)
[2015.03.21-13.20.20:296][ 12]LogModuleManager: Shutting down and abandoning module DeviceProfileEditor (154)
[2015.03.21-13.20.20:296][ 12]LogModuleManager: Shutting down and abandoning module UndoHistory (153)
[2015.03.21-13.20.20:296][ 12]LogModuleManager: Shutting down and abandoning module GameplayTagsEditor (152)
[2015.03.21-13.20.20:296][ 12]LogModuleManager: Shutting down and abandoning module UserFeedback (151)
[2015.03.21-13.20.20:296][ 12]LogModuleManager: Shutting down and abandoning module XmlParser (150)
[2015.03.21-13.20.20:296][ 12]LogModuleManager: Shutting down and abandoning module Blutility (149)
[2015.03.21-13.20.20:296][ 12]LogModuleManager: Shutting down and abandoning module IOSPlatformEditor (148)
[2015.03.21-13.20.20:296][ 12]LogModuleManager: Shutting down and abandoning module IOSRuntimeSettings (147)
[2015.03.21-13.20.20:296][ 12]LogModuleManager: Shutting down and abandoning module AndroidDeviceDetection (146)
[2015.03.21-13.20.20:353][ 12]LogModuleManager: Shutting down and abandoning module AndroidPlatformEditor (145)
[2015.03.21-13.20.20:353][ 12]LogModuleManager: Shutting down and abandoning module AndroidRuntimeSettings (144)
[2015.03.21-13.20.20:353][ 12]LogModuleManager: Shutting down and abandoning module ProjectTargetPlatformEditor (143)
[2015.03.21-13.20.20:353][ 12]LogModuleManager: Shutting down and abandoning module ProjectSettingsViewer (142)
[2015.03.21-13.20.20:353][ 12]LogModuleManager: Shutting down and abandoning module InputBindingEditor (141)
[2015.03.21-13.20.20:353][ 12]LogModuleManager: Shutting down and abandoning module EditorSettingsViewer (140)
[2015.03.21-13.20.20:353][ 12]LogModuleManager: Shutting down and abandoning module SettingsEditor (139)
[2015.03.21-13.20.20:353][ 12]LogModuleManager: Shutting down and abandoning module ProjectLauncher (138)
[2015.03.21-13.20.20:353][ 12]LogModuleManager: Shutting down and abandoning module SessionFrontend (137)
[2015.03.21-13.20.20:353][ 12]LogModuleManager: Shutting down and abandoning module ProfilerClient (136)
[2015.03.21-13.20.20:353][ 12]LogModuleManager: Shutting down and abandoning module TargetDeviceServices (135)
[2015.03.21-13.20.20:353][ 12]LogModuleManager: Shutting down and abandoning module DeviceManager (134)
[2015.03.21-13.20.20:353][ 12]LogModuleManager: Shutting down and abandoning module AutomationController (133)
[2015.03.21-13.20.20:353][ 12]LogModuleManager: Shutting down and abandoning module AutomationWindow (132)
[2015.03.21-13.20.20:353][ 12]LogModuleManager: Shutting down and abandoning module Layers (131)
[2015.03.21-13.20.20:354][ 12]LogModuleManager: Shutting down and abandoning module ComponentVisualizers (130)
[2015.03.21-13.20.20:354][ 12]LogModuleManager: Shutting down and abandoning module DetailCustomizations (129)
[2015.03.21-13.20.20:354][ 12]LogModuleManager: Shutting down and abandoning module PackagesDialog (128)
[2015.03.21-13.20.20:354][ 12]LogModuleManager: Shutting down and abandoning module AssetRegistry (127)
[2015.03.21-13.20.20:416][ 12]LogModuleManager: Shutting down and abandoning module Persona (126)
[2015.03.21-13.20.20:416][ 12]LogModuleManager: Shutting down and abandoning module SlateReflector (125)
[2015.03.21-13.20.20:416][ 12]LogModuleManager: Shutting down and abandoning module LevelEditor (124)
[2015.03.21-13.20.20:417][ 12]LogModuleManager: Shutting down and abandoning module Kismet (123)
[2015.03.21-13.20.20:417][ 12]LogModuleManager: Shutting down and abandoning module GraphEditor (122)
[2015.03.21-13.20.20:417][ 12]LogModuleManager: Shutting down and abandoning module ClassViewer (121)
[2015.03.21-13.20.20:417][ 12]LogModuleManager: Shutting down and abandoning module Toolbox (120)
[2015.03.21-13.20.20:417][ 12]LogModuleManager: Shutting down and abandoning module ModuleUI (119)
[2015.03.21-13.20.20:418][ 12]LogModuleManager: Shutting down and abandoning module MovieSceneTools (118)
[2015.03.21-13.20.20:418][ 12]LogModuleManager: Shutting down and abandoning module OutputLog (117)
[2015.03.21-13.20.20:418][ 12]LogModuleManager: Shutting down and abandoning module GammaUI (116)
[2015.03.21-13.20.20:418][ 12]LogModuleManager: Shutting down and abandoning module Documentation (115)
[2015.03.21-13.20.20:418][ 12]LogModuleManager: Shutting down and abandoning module GameLiveStreaming (114)
[2015.03.21-13.20.20:418][ 12]LogModuleManager: Shutting down and abandoning module StreamingPauseRendering (113)
[2015.03.21-13.20.20:418][ 12]LogModuleManager: Shutting down and abandoning module HTTP (112)
[2015.03.21-13.20.20:418][ 12]LogModuleManager: Shutting down and abandoning module AnalyticsET (111)
[2015.03.21-13.20.20:418][ 12]LogModuleManager: Shutting down and abandoning module Analytics (110)
[2015.03.21-13.20.20:418][ 12]LogModuleManager: Shutting down and abandoning module AITestSuite (109)
[2015.03.21-13.20.20:418][ 12]LogModuleManager: Shutting down and abandoning module GameplayDebugger (108)
[2015.03.21-13.20.20:418][ 12]LogModuleManager: Shutting down and abandoning module AIModule (107)
[2015.03.21-13.20.20:418][ 12]LogModuleManager: Shutting down and abandoning module ProfilerService (106)
[2015.03.21-13.20.20:570][ 12]LogModuleManager: Shutting down and abandoning module TaskGraph (105)
[2015.03.21-13.20.20:570][ 12]LogModuleManager: Shutting down and abandoning module SlateRemote (104)
[2015.03.21-13.20.20:570][ 12]LogModuleManager: Shutting down and abandoning module ScriptEditorPlugin (103)
[2015.03.21-13.20.20:570][ 12]LogModuleManager: Shutting down and abandoning module CustomMeshComponent (102)
[2015.03.21-13.20.20:570][ 12]LogModuleManager: Shutting down and abandoning module CableComponent (101)
[2015.03.21-13.20.20:570][ 12]LogModuleManager: Shutting down and abandoning module MessagingDebugger (100)
[2015.03.21-13.20.20:570][ 12]LogModuleManager: Shutting down and abandoning module MediaPlayerEditor (99)
[2015.03.21-13.20.20:570][ 12]LogModuleManager: Shutting down and abandoning module SpeedTreeImporter (98)
[2015.03.21-13.20.20:570][ 12]LogModuleManager: Shutting down and abandoning module PluginsEditor (97)
[2015.03.21-13.20.20:570][ 12]LogModuleManager: Shutting down and abandoning module MainFrame (96)
[2015.03.21-13.20.20:570][ 12]LogModuleManager: Shutting down and abandoning module EpicSurvey (95)
[2015.03.21-13.20.20:570][ 12]LogModuleManager: Shutting down and abandoning module DesktopPlatform (94)
[2015.03.21-13.20.20:570][ 12]LogModuleManager: Shutting down and abandoning module DirectoryWatcher (93)
[2015.03.21-13.20.20:571][ 12]LogModuleManager: Shutting down and abandoning module HotReload (92)
[2015.03.21-13.20.20:571][ 12]LogModuleManager: Shutting down and abandoning module VisualStudioSourceCodeAccess (91)
[2015.03.21-13.20.20:571][ 12]LogModuleManager: Shutting down and abandoning module UObjectPlugin (90)
[2015.03.21-13.20.20:571][ 12]LogModuleManager: Shutting down and abandoning module SubversionSourceControl (89)
[2015.03.21-13.20.20:571][ 12]LogModuleManager: Shutting down and abandoning module PerforceSourceControl (88)
[2015.03.21-13.20.20:571][ 12]LogModuleManager: Shutting down and abandoning module SourceControl (87)
[2015.03.21-13.20.20:571][ 12]LogModuleManager: Shutting down and abandoning module GitSourceControl (86)
[2015.03.21-13.20.20:571][ 12]LogModuleManager: Shutting down and abandoning module BlankPlugin (85)
[2015.03.21-13.20.20:571][ 12]LogModuleManager: Shutting down and abandoning module PaperTiledImporter (84)
[2015.03.21-13.20.20:571][ 12]LogModuleManager: Shutting down and abandoning module PaperJsonImporter (83)
[2015.03.21-13.20.20:571][ 12]LogModuleManager: Shutting down and abandoning module ContentBrowser (82)
[2015.03.21-13.20.20:572][ 12]LogModuleManager: Shutting down and abandoning module Paper2DEditor (81)
[2015.03.21-13.20.20:572][ 12]LogModuleManager: Shutting down and abandoning module ScriptPlugin (80)
[2015.03.21-13.20.20:572][ 12]LogModuleManager: Shutting down and abandoning module UdpMessaging (79)
[2015.03.21-13.20.20:673][ 12]LogModuleManager: Shutting down and abandoning module Paper2D (78)
[2015.03.21-13.20.20:673][ 12]LogModuleManager: Shutting down and abandoning module WindowsMoviePlayer (77)
[2015.03.21-13.20.20:676][ 12]LogModuleManager: Shutting down and abandoning module Media (76)
[2015.03.21-13.20.20:676][ 12]LogModuleManager: Shutting down and abandoning module WmfMedia (75)
[2015.03.21-13.20.20:676][ 12]LogModuleManager: Shutting down and abandoning module OnlineBlueprintSupport (74)
[2015.03.21-13.20.20:676][ 12]LogModuleManager: Shutting down and abandoning module PropertyEditor (73)
[2015.03.21-13.20.20:676][ 12]LogModuleManager: Shutting down and abandoning module BehaviorTreeEditor (72)
[2015.03.21-13.20.20:676][ 12]LogModuleManager: Shutting down and abandoning module FunctionalTesting (71)
[2015.03.21-13.20.20:676][ 12]LogModuleManager: Shutting down and abandoning module CollisionAnalyzer (70)
[2015.03.21-13.20.20:676][ 12]LogModuleManager: Shutting down and abandoning module WorkspaceMenuStructure (69)
[2015.03.21-13.20.20:676][ 12]LogModuleManager: Shutting down and abandoning module MessageLog (68)
[2015.03.21-13.20.20:676][ 12]LogModuleManager: Shutting down and abandoning module Sequencer (67)
[2015.03.21-13.20.20:676][ 12]LogModuleManager: Shutting down and abandoning module AssetTools (66)
[2015.03.21-13.20.20:676][ 12]LogModuleManager: Shutting down and abandoning module UMGEditor (65)
[2015.03.21-13.20.20:676][ 12]LogModuleManager: Shutting down and abandoning module UMG (64)
[2015.03.21-13.20.20:676][ 12]LogModuleManager: Shutting down and abandoning module Slate (63)
[2015.03.21-13.20.20:676][ 12]LogModuleManager: Shutting down and abandoning module EditorStyle (62)
[2015.03.21-13.20.20:686][ 12]LogModuleManager: Shutting down and abandoning module SessionServices (61)
[2015.03.21-13.20.20:686][ 12]LogModuleManager: Shutting down and abandoning module SourceCodeAccess (60)
[2015.03.21-13.20.20:686][ 12]LogModuleManager: Shutting down and abandoning module HeadMountedDisplay (59)
[2015.03.21-13.20.20:686][ 12]LogModuleManager: Shutting down and abandoning module XAudio2 (58)
[2015.03.21-13.20.20:686][ 12]LogModuleManager: Shutting down and abandoning module Networking (56)
[2015.03.21-13.20.20:686][ 12]LogModuleManager: Shutting down and abandoning module Core (55)
[2015.03.21-13.20.20:686][ 12]LogModuleManager: Shutting down and abandoning module KismetCompiler (54)
[2015.03.21-13.20.20:686][ 12]LogModuleManager: Shutting down and abandoning module PhysXFormats (53)
[2015.03.21-13.20.20:686][ 12]LogModuleManager: Shutting down and abandoning module MeshUtilities (52)
[2015.03.21-13.20.20:686][ 12]LogModuleManager: Shutting down and abandoning module DerivedDataCache (51)
[2015.03.21-13.20.20:691][ 12]LogDerivedDataCache: Shutdown
[2015.03.21-13.20.20:691][ 12]LogModuleManager: Shutting down and abandoning module ShaderFormatOpenGL (50)
[2015.03.21-13.20.20:691][ 12]LogModuleManager: Shutting down and abandoning module ShaderFormatD3D (49)
[2015.03.21-13.20.20:691][ 12]LogModuleManager: Shutting down and abandoning module MetalShaderFormat (48)
[2015.03.21-13.20.20:691][ 12]LogModuleManager: Shutting down and abandoning module TextureFormatUncompressed (47)
[2015.03.21-13.20.20:691][ 12]LogModuleManager: Shutting down and abandoning module TextureFormatPVR (46)
[2015.03.21-13.20.20:691][ 12]LogModuleManager: Shutting down and abandoning module TextureFormatIntelISPCTexComp (45)
[2015.03.21-13.20.20:691][ 12]LogModuleManager: Shutting down and abandoning module TextureFormatDXT (44)
[2015.03.21-13.20.20:691][ 12]LogModuleManager: Shutting down and abandoning module ImageWrapper (43)
[2015.03.21-13.20.20:691][ 12]LogModuleManager: Shutting down and abandoning module TextureFormatASTC (42)
[2015.03.21-13.20.20:691][ 12]LogModuleManager: Shutting down and abandoning module TextureFormatAndroid (41)
[2015.03.21-13.20.20:691][ 12]LogModuleManager: Shutting down and abandoning module AudioFormatOpus (40)
[2015.03.21-13.20.20:691][ 12]LogModuleManager: Shutting down and abandoning module AudioFormatOgg (39)
[2015.03.21-13.20.20:691][ 12]LogModuleManager: Shutting down and abandoning module AudioFormatADPCM (38)
[2015.03.21-13.20.20:691][ 12]LogModuleManager: Shutting down and abandoning module LinuxTargetPlatform (37)
[2015.03.21-13.20.20:691][ 12]LogModuleManager: Shutting down and abandoning module LinuxServerTargetPlatform (36)
[2015.03.21-13.20.20:691][ 12]LogModuleManager: Shutting down and abandoning module LinuxNoEditorTargetPlatform (35)
[2015.03.21-13.20.20:691][ 12]LogModuleManager: Shutting down and abandoning module Messaging (34)
[2015.03.21-13.20.20:691][ 12]LogModuleManager: Shutting down and abandoning module IOSTargetPlatform (33)
[2015.03.21-13.20.20:691][ 12]LogModuleManager: Shutting down and abandoning module HTML5TargetPlatform (32)
[2015.03.21-13.20.20:691][ 12]LogModuleManager: Shutting down and abandoning module Android_PVRTCTargetPlatform (31)
[2015.03.21-13.20.20:691][ 12]LogModuleManager: Shutting down and abandoning module Android_ETC2TargetPlatform (30)
[2015.03.21-13.20.20:691][ 12]LogModuleManager: Shutting down and abandoning module Android_ETC1TargetPlatform (29)
[2015.03.21-13.20.20:691][ 12]LogModuleManager: Shutting down and abandoning module Android_ES31TargetPlatform (28)
[2015.03.21-13.20.20:691][ 12]LogModuleManager: Shutting down and abandoning module Android_DXTTargetPlatform (27)
[2015.03.21-13.20.20:691][ 12]LogModuleManager: Shutting down and abandoning module Android_ATCTargetPlatform (26)
[2015.03.21-13.20.20:691][ 12]LogModuleManager: Shutting down and abandoning module AndroidTargetPlatform (25)
[2015.03.21-13.20.20:691][ 12]LogModuleManager: Shutting down and abandoning module WindowsTargetPlatform (24)
[2015.03.21-13.20.20:691][ 12]LogModuleManager: Shutting down and abandoning module WindowsServerTargetPlatform (23)
[2015.03.21-13.20.20:691][ 12]LogModuleManager: Shutting down and abandoning module WindowsNoEditorTargetPlatform (22)
[2015.03.21-13.20.20:691][ 12]LogModuleManager: Shutting down and abandoning module WindowsClientTargetPlatform (21)
[2015.03.21-13.20.20:691][ 12]LogModuleManager: Shutting down and abandoning module TargetPlatform (20)
[2015.03.21-13.20.20:691][ 12]LogModuleManager: Shutting down and abandoning module InputCore (19)
[2015.03.21-13.20.20:691][ 12]LogModuleManager: Shutting down and abandoning module Settings (18)
[2015.03.21-13.20.20:691][ 12]LogModuleManager: Shutting down and abandoning module OnlineSubsystem (16)
[2015.03.21-13.20.20:691][ 12]LogModuleManager: Shutting down and abandoning module OculusRift (15)
[2015.03.21-13.20.20:691][ 12]LogModuleManager: Shutting down and abandoning module ExampleDeviceProfileSelector (14)
[2015.03.21-13.20.20:691][ 12]LogModuleManager: Shutting down and abandoning module TextureCompressor (13)
[2015.03.21-13.20.20:691][ 12]LogModuleManager: Shutting down and abandoning module ShaderCore (12)
[2015.03.21-13.20.20:691][ 12]LogModuleManager: Shutting down and abandoning module Landscape (11)
[2015.03.21-13.20.20:691][ 12]LogModuleManager: Shutting down and abandoning module SlateRHIRenderer (10)
[2015.03.21-13.20.20:695][ 12]LogModuleManager: Shutting down and abandoning module OpenGLDrv (9)
[2015.03.21-13.20.20:695][ 12]LogModuleManager: Shutting down and abandoning module D3D11RHI (8)
[2015.03.21-13.20.20:695][ 12]LogModuleManager: Shutting down and abandoning module Renderer (7)
[2015.03.21-13.20.20:695][ 12]LogModuleManager: Shutting down and abandoning module Engine (6)
[2015.03.21-13.20.20:695][ 12]LogModuleManager: Shutting down and abandoning module CoreUObject (5)
[2015.03.21-13.20.20:695][ 12]LogModuleManager: Shutting down and abandoning module NetworkFile (4)
[2015.03.21-13.20.20:695][ 12]LogModuleManager: Shutting down and abandoning module StreamingFile (3)
[2015.03.21-13.20.20:695][ 12]LogModuleManager: Shutting down and abandoning module SandboxFile (2)
[2015.03.21-13.20.20:695][ 12]LogModuleManager: Shutting down and abandoning module PakFile (1)
[2015.03.21-13.20.20:697][ 12]LogExit: Exiting.
[2015.03.21-13.20.20:729][ 12]Log file closed, 03/21/15 14:20:20
